<?xml version="1.0" encoding="UTF-8"?>
<testng-results ignored="0" total="1" passed="1" failed="0" skipped="0">
  <reporter-output>
  </reporter-output>
  <suite started-at="2022-07-28T23:20:58 IST" name="Default suite" finished-at="2022-07-28T23:21:08 IST" duration-ms="9804">
    <groups>
    </groups>
    <test started-at="2022-07-28T23:20:58 IST" name="Default test" finished-at="2022-07-28T23:21:08 IST" duration-ms="9804">
      <class name="com.example.Browser">
        <test-method signature="runtest()[pri:0, instance:com.example.Browser@10e31a9a]" started-at="2022-07-28T23:20:58 IST" name="runtest" finished-at="2022-07-28T23:21:08 IST" duration-ms="9720" status="PASS">
          <reporter-output>
          </reporter-output>
        </test-method> <!-- runtest -->
      </class> <!-- com.example.Browser -->
    </test> <!-- Default test -->
  </suite> <!-- Default suite -->
</testng-results>
